nome do projecto: C:\Users\Diogo\Documents\Diogo\2016_17\2º Semestre\RTDI\Clinhas testes\projeto2
Cadeia no apoio n. 4 - K16-125/50-28 nao existe na base de dados
Cadeia no apoio n. 5 - K16-125/50-28 nao existe na base de dados
Cadeia no apoio n. 6 - K16-125/50-28 nao existe na base de dados
Cadeia no apoio n. 7 - K16-125/50-28 nao existe na base de dados
Cadeia no apoio n. 8 - K16-125/50-28 nao existe na base de dados
Cadeia no apoio n. 9 - K16-125/50-28 nao existe na base de dados
Cadeia no apoio n. 10 - K16-125/50-28 nao existe na base de dados
A carregar ficheiro de pontos do tipo DAT
Apoio fora do perfil
Apoio fora do perfil
Apoio fora do perfil
Apoio fora do perfil
Apoio fora do perfil
Apoio fora do perfil
Apoio fora do perfil
Apoio fora do perfil
Apoio fora do perfil
Apoio fora do perfil
Apoio fora do perfil
Apoio fora do perfil
Apoio fora do perfil
carreguei apoios
carreguei linha
criar a estrutura dos cantoes...
Ficheiro sit.lid nao existe
calcular as traccoes...
calcular as traccoes do cabo...
calcular as traccoes do cabo de guarda...
calcular as traccoes do cabo...
calcular as traccoes do cabo de guarda...
calcular as traccoes do cabo...
calcular as traccoes do cabo de guarda...
calcular as traccoes do cabo...
calcular as traccoes do cabo de guarda...
calcular as traccoes do cabo...
calcular as traccoes do cabo de guarda...
escrever os ficheiros....
Calcular estabilidade dos apoios....
